This file contains any messages produced by compilers while
running configure, to aid debugging if configure makes a mistake.

It was created by dbslayer configure 1.0, which was
generated by GNU Autoconf 2.61.  Invocation command line was

  $ ./configure 

## --------- ##
## Platform. ##
## --------- ##

hostname = ip-10-160-58-168
uname -m = x86_64
uname -r = 2.6.35-22-virtual
uname -s = Linux
uname -v = #33-Ubuntu SMP Sun Sep 19 21:05:42 UTC 2010

/usr/bin/uname -p = unknown
/bin/uname -X     = unknown

/bin/arch              = unknown
/usr/bin/arch -k       = unknown
/usr/convex/getsysinfo = unknown
/usr/bin/hostinfo      = unknown
/bin/machine           = unknown
/usr/bin/oslevel       = unknown
/bin/universe          = unknown

PATH: /usr/local/sbin
PATH: /usr/local/bin
PATH: /usr/sbin
PATH: /usr/bin
PATH: /sbin
PATH: /bin
PATH: /usr/games


## ----------- ##
## Core tests. ##
## ----------- ##

configure:1793: checking for a BSD-compatible install
configure:1849: result: /usr/bin/install -c
configure:1860: checking whether build environment is sane
configure:1903: result: yes
configure:1931: checking for a thread-safe mkdir -p
configure:1970: result: /bin/mkdir -p
configure:1983: checking for gawk
configure:2013: result: no
configure:1983: checking for mawk
configure:1999: found /usr/bin/mawk
configure:2010: result: mawk
configure:2021: checking whether make sets $(MAKE)
configure:2042: result: yes
configure:2251: checking for apr-1-config
configure:2270: found /usr/bin/apr-1-config
configure:2283: result: /usr/bin/apr-1-config
configure:2309: checking for APR CFLAGS
configure:2311: result:   -pthread -DLINUX=2 -D_REENTRANT -D_GNU_SOURCE
configure:2313: checking for APR includes
configure:2315: result:  -I/usr/include/apr-1.0 
configure:2317: checking for APR libraries
configure:2319: result:  -L/usr/lib -lapr-1 
configure:2338: checking for apu-1-config
configure:2357: found /usr/bin/apu-1-config
configure:2370: result: /usr/bin/apu-1-config
configure:2392: checking for APR Utility includes
configure:2394: result:  -I/usr/include/apr-1.0 
configure:2396: checking for APR Utility libraries
configure:2398: result:  -L/usr/lib -laprutil-1  -ldb    
configure:2417: checking for mysql_config
configure:2436: found /usr/bin/mysql_config
configure:2449: result: /usr/bin/mysql_config
configure:2473: checking for MySQL CFLAGS
configure:2475: result: -I/usr/include/mysql  -DBIG_JOINS=1  -fno-strict-aliasing   -DUNIV_LINUX -DUNIV_LINUX
configure:2477: checking for MySQL includes
configure:2479: result: -I/usr/include/mysql
configure:2481: checking for MySQL libraries
configure:2483: result: -Wl,-Bsymbolic-functions -rdynamic -L/usr/lib/mysql -lmysqlclient_r
configure:2535: checking for gcc
configure:2551: found /usr/bin/gcc
configure:2562: result: gcc
configure:2800: checking for C compiler version
configure:2807: gcc --version >&5
gcc (Ubuntu/Linaro 4.4.4-14ubuntu5) 4.4.5
Copyright (C) 2010 Free Software Foundation, Inc.
This is free software; see the source for copying conditions.  There is NO
warranty; not even for MERCHANTABILITY or FITNESS FOR A PARTICULAR PURPOSE.

configure:2810: $? = 0
configure:2817: gcc -v >&5
Using built-in specs.
Target: x86_64-linux-gnu
Configured with: ../src/configure -v --with-pkgversion='Ubuntu/Linaro 4.4.4-14ubuntu5' --with-bugurl=file:///usr/share/doc/gcc-4.4/README.Bugs --enable-languages=c,c++,fortran,objc,obj-c++ --prefix=/usr --program-suffix=-4.4 --enable-shared --enable-multiarch --enable-linker-build-id --with-system-zlib --libexecdir=/usr/lib --without-included-gettext --enable-threads=posix --with-gxx-include-dir=/usr/include/c++/4.4 --libdir=/usr/lib --enable-nls --with-sysroot=/ --enable-clocale=gnu --enable-libstdcxx-debug --enable-objc-gc --disable-werror --with-arch-32=i686 --with-tune=generic --enable-checking=release --build=x86_64-linux-gnu --host=x86_64-linux-gnu --target=x86_64-linux-gnu
Thread model: posix
gcc version 4.4.5 (Ubuntu/Linaro 4.4.4-14ubuntu5) 
configure:2820: $? = 0
configure:2827: gcc -V >&5
gcc: '-V' option must have argument
configure:2830: $? = 1
configure:2853: checking for C compiler default output file name
configure:2880: gcc    conftest.c  >&5
configure:2883: $? = 0
configure:2921: result: a.out
configure:2938: checking whether the C compiler works
configure:2948: ./a.out
configure:2951: $? = 0
configure:2968: result: yes
configure:2975: checking whether we are cross compiling
configure:2977: result: no
configure:2980: checking for suffix of executables
configure:2987: gcc -o conftest    conftest.c  >&5
configure:2990: $? = 0
configure:3014: result: 
configure:3020: checking for suffix of object files
configure:3046: gcc -c   conftest.c >&5
configure:3049: $? = 0
configure:3072: result: o
configure:3076: checking whether we are using the GNU C compiler
configure:3105: gcc -c   conftest.c >&5
configure:3111: $? = 0
configure:3128: result: yes
configure:3133: checking whether gcc accepts -g
configure:3163: gcc -c -g  conftest.c >&5
configure:3169: $? = 0
configure:3268: result: yes
configure:3285: checking for gcc option to accept ISO C89
configure:3359: gcc  -c -g -O2  conftest.c >&5
configure:3365: $? = 0
configure:3388: result: none needed
configure:3417: checking for style of include used by make
configure:3445: result: GNU
configure:3470: checking dependency style of gcc
configure:3561: result: gcc3
configure:3589: checking for a BSD-compatible install
configure:3645: result: /usr/bin/install -c
configure:3699: checking for ranlib
configure:3715: found /usr/bin/ranlib
configure:3726: result: ranlib
configure:3773: checking how to run the C preprocessor
configure:3813: gcc -E  conftest.c
configure:3819: $? = 0
configure:3850: gcc -E  conftest.c
conftest.c:10: fatal error: ac_nonexistent.h: No such file or directory
compilation terminated.
configure:3856: $? = 1
configure: failed program was:
| /* confdefs.h.  */
| #define PACKAGE_NAME "dbslayer"
| #define PACKAGE_TARNAME "dbslayer"
| #define PACKAGE_VERSION "1.0"
| #define PACKAGE_STRING "dbslayer 1.0"
| #define PACKAGE_BUGREPORT ""
| #define PACKAGE "dbslayer"
| #define VERSION "1.0"
| /* end confdefs.h.  */
| #include <ac_nonexistent.h>
configure:3889: result: gcc -E
configure:3918: gcc -E  conftest.c
configure:3924: $? = 0
configure:3955: gcc -E  conftest.c
conftest.c:10: fatal error: ac_nonexistent.h: No such file or directory
compilation terminated.
configure:3961: $? = 1
configure: failed program was:
| /* confdefs.h.  */
| #define PACKAGE_NAME "dbslayer"
| #define PACKAGE_TARNAME "dbslayer"
| #define PACKAGE_VERSION "1.0"
| #define PACKAGE_STRING "dbslayer 1.0"
| #define PACKAGE_BUGREPORT ""
| #define PACKAGE "dbslayer"
| #define VERSION "1.0"
| /* end confdefs.h.  */
| #include <ac_nonexistent.h>
configure:3999: checking for grep that handles long lines and -e
configure:4073: result: /bin/grep
configure:4078: checking for egrep
configure:4156: result: /bin/grep -E
configure:4161: checking for ANSI C header files
configure:4191: gcc -c -g -O2  conftest.c >&5
configure:4197: $? = 0
configure:4296: gcc -o conftest -g -O2   conftest.c  >&5
configure:4299: $? = 0
configure:4305: ./conftest
configure:4308: $? = 0
configure:4325: result: yes
configure:4349: checking for sys/types.h
configure:4370: gcc -c -g -O2  conftest.c >&5
configure:4376: $? = 0
configure:4392: result: yes
configure:4349: checking for sys/stat.h
configure:4370: gcc -c -g -O2  conftest.c >&5
configure:4376: $? = 0
configure:4392: result: yes
configure:4349: checking for stdlib.h
configure:4370: gcc -c -g -O2  conftest.c >&5
configure:4376: $? = 0
configure:4392: result: yes
configure:4349: checking for string.h
configure:4370: gcc -c -g -O2  conftest.c >&5
configure:4376: $? = 0
configure:4392: result: yes
configure:4349: checking for memory.h
configure:4370: gcc -c -g -O2  conftest.c >&5
configure:4376: $? = 0
configure:4392: result: yes
configure:4349: checking for strings.h
configure:4370: gcc -c -g -O2  conftest.c >&5
configure:4376: $? = 0
configure:4392: result: yes
configure:4349: checking for inttypes.h
configure:4370: gcc -c -g -O2  conftest.c >&5
configure:4376: $? = 0
configure:4392: result: yes
configure:4349: checking for stdint.h
configure:4370: gcc -c -g -O2  conftest.c >&5
configure:4376: $? = 0
configure:4392: result: yes
configure:4349: checking for unistd.h
configure:4370: gcc -c -g -O2  conftest.c >&5
configure:4376: $? = 0
configure:4392: result: yes
configure:4412: checking for stdlib.h
configure:4418: result: yes
configure:4412: checking for string.h
configure:4418: result: yes
configure:4422: checking sys/timeb.h usability
configure:4439: gcc -c -g -O2  conftest.c >&5
configure:4445: $? = 0
configure:4459: result: yes
configure:4463: checking sys/timeb.h presence
configure:4478: gcc -E  conftest.c
configure:4484: $? = 0
configure:4498: result: yes
configure:4526: checking for sys/timeb.h
configure:4534: result: yes
configure:4412: checking for unistd.h
configure:4418: result: yes
configure:4549: checking for an ANSI C-conforming const
configure:4624: gcc -c -g -O2  conftest.c >&5
configure:4630: $? = 0
configure:4645: result: yes
configure:4655: checking for working volatile
configure:4684: gcc -c -g -O2  conftest.c >&5
configure:4690: $? = 0
configure:4705: result: yes
configure:4722: checking for stdlib.h
configure:4728: result: yes
configure:4857: checking for GNU libc compatible malloc
configure:4891: gcc -o conftest -g -O2   conftest.c  >&5
configure:4894: $? = 0
configure:4900: ./conftest
configure:4903: $? = 0
configure:4919: result: yes
configure:4947: checking for working strtod
configure:4998: gcc -o conftest -g -O2   conftest.c  >&5
conftest.c: In function 'main':
conftest.c:81: warning: ignoring return value of 'strtod', declared with attribute warn_unused_result
configure:5001: $? = 0
configure:5007: ./conftest
configure:5010: $? = 0
configure:5026: result: yes
configure:5200: checking for memset
configure:5256: gcc -o conftest -g -O2   conftest.c  >&5
conftest.c:49: warning: conflicting types for built-in function 'memset'
configure:5262: $? = 0
configure:5280: result: yes
configure:5200: checking for pow
configure:5256: gcc -o conftest -g -O2   conftest.c  >&5
conftest.c:50: warning: conflicting types for built-in function 'pow'
/tmp/ccrPmuzZ.o: In function `main':
/usr/local/src/git/dbslayer/conftest.c:61: undefined reference to `pow'
collect2: ld returned 1 exit status
configure:5262: $? = 1
configure: failed program was:
| /* confdefs.h.  */
| #define PACKAGE_NAME "dbslayer"
| #define PACKAGE_TARNAME "dbslayer"
| #define PACKAGE_VERSION "1.0"
| #define PACKAGE_STRING "dbslayer 1.0"
| #define PACKAGE_BUGREPORT ""
| #define PACKAGE "dbslayer"
| #define VERSION "1.0"
| #define STDC_HEADERS 1
| #define HAVE_SYS_TYPES_H 1
| #define HAVE_SYS_STAT_H 1
| #define HAVE_STDLIB_H 1
| #define HAVE_STRING_H 1
| #define HAVE_MEMORY_H 1
| #define HAVE_STRINGS_H 1
| #define HAVE_INTTYPES_H 1
| #define HAVE_STDINT_H 1
| #define HAVE_UNISTD_H 1
| #define HAVE_STDLIB_H 1
| #define HAVE_STRING_H 1
| #define HAVE_SYS_TIMEB_H 1
| #define HAVE_UNISTD_H 1
| #define HAVE_STDLIB_H 1
| #define HAVE_MALLOC 1
| #define HAVE_MEMSET 1
| /* end confdefs.h.  */
| /* Define pow to an innocuous variant, in case <limits.h> declares pow.
|    For example, HP-UX 11i <limits.h> declares gettimeofday.  */
| #define pow innocuous_pow
| 
| /* System header to define __stub macros and hopefully few prototypes,
|     which can conflict with char pow (); below.
|     Prefer <limits.h> to <assert.h> if __STDC__ is defined, since
|     <limits.h> exists even on freestanding compilers.  */
| 
| #ifdef __STDC__
| # include <limits.h>
| #else
| # include <assert.h>
| #endif
| 
| #undef pow
| 
| /* Override any GCC internal prototype to avoid an error.
|    Use char because int might match the return type of a GCC
|    builtin and then its argument prototype would still apply.  */
| #ifdef __cplusplus
| extern "C"
| #endif
| char pow ();
| /* The GNU C library defines this for functions which it implements
|     to always fail with ENOSYS.  Some functions are actually named
|     something starting with __ and the normal name is an alias.  */
| #if defined __stub_pow || defined __stub___pow
| choke me
| #endif
| 
| int
| main ()
| {
| return pow ();
|   ;
|   return 0;
| }
configure:5280: result: no
configure:5200: checking for strcasecmp
configure:5256: gcc -o conftest -g -O2   conftest.c  >&5
conftest.c:50: warning: conflicting types for built-in function 'strcasecmp'
configure:5262: $? = 0
configure:5280: result: yes
configure:5200: checking for strchr
configure:5256: gcc -o conftest -g -O2   conftest.c  >&5
conftest.c:51: warning: conflicting types for built-in function 'strchr'
configure:5262: $? = 0
configure:5280: result: yes
configure:5200: checking for strdup
configure:5256: gcc -o conftest -g -O2   conftest.c  >&5
conftest.c:52: warning: conflicting types for built-in function 'strdup'
configure:5262: $? = 0
configure:5280: result: yes
configure:5200: checking for strstr
configure:5256: gcc -o conftest -g -O2   conftest.c  >&5
conftest.c:53: warning: conflicting types for built-in function 'strstr'
configure:5262: $? = 0
configure:5280: result: yes
configure:5200: checking for strtol
configure:5256: gcc -o conftest -g -O2   conftest.c  >&5
configure:5262: $? = 0
configure:5280: result: yes
configure:5437: creating ./config.status

## ---------------------- ##
## Running config.status. ##
## ---------------------- ##

This file was extended by dbslayer config.status 1.0, which was
generated by GNU Autoconf 2.61.  Invocation command line was

  CONFIG_FILES    = 
  CONFIG_HEADERS  = 
  CONFIG_LINKS    = 
  CONFIG_COMMANDS = 
  $ ./config.status 

on ip-10-160-58-168

config.status:634: creating Makefile
config.status:634: creating common/Makefile
config.status:634: creating db/Makefile
config.status:634: creating server/Makefile
config.status:825: executing depfiles commands

## ---------------- ##
## Cache variables. ##
## ---------------- ##

ac_cv_c_compiler_gnu=yes
ac_cv_c_const=yes
ac_cv_c_volatile=yes
ac_cv_env_CC_set=
ac_cv_env_CC_value=
ac_cv_env_CFLAGS_set=
ac_cv_env_CFLAGS_value=
ac_cv_env_CPPFLAGS_set=
ac_cv_env_CPPFLAGS_value=
ac_cv_env_CPP_set=
ac_cv_env_CPP_value=
ac_cv_env_LDFLAGS_set=
ac_cv_env_LDFLAGS_value=
ac_cv_env_LIBS_set=
ac_cv_env_LIBS_value=
ac_cv_env_build_alias_set=
ac_cv_env_build_alias_value=
ac_cv_env_host_alias_set=
ac_cv_env_host_alias_value=
ac_cv_env_target_alias_set=
ac_cv_env_target_alias_value=
ac_cv_func_malloc_0_nonnull=yes
ac_cv_func_memset=yes
ac_cv_func_pow=no
ac_cv_func_strcasecmp=yes
ac_cv_func_strchr=yes
ac_cv_func_strdup=yes
ac_cv_func_strstr=yes
ac_cv_func_strtod=yes
ac_cv_func_strtol=yes
ac_cv_header_inttypes_h=yes
ac_cv_header_memory_h=yes
ac_cv_header_stdc=yes
ac_cv_header_stdint_h=yes
ac_cv_header_stdlib_h=yes
ac_cv_header_string_h=yes
ac_cv_header_strings_h=yes
ac_cv_header_sys_stat_h=yes
ac_cv_header_sys_timeb_h=yes
ac_cv_header_sys_types_h=yes
ac_cv_header_unistd_h=yes
ac_cv_objext=o
ac_cv_path_APRCONFIG=/usr/bin/apr-1-config
ac_cv_path_APUCONFIG=/usr/bin/apu-1-config
ac_cv_path_EGREP='/bin/grep -E'
ac_cv_path_GREP=/bin/grep
ac_cv_path_MYSQLCONFIG=/usr/bin/mysql_config
ac_cv_path_install='/usr/bin/install -c'
ac_cv_path_mkdir=/bin/mkdir
ac_cv_prog_AWK=mawk
ac_cv_prog_CPP='gcc -E'
ac_cv_prog_ac_ct_CC=gcc
ac_cv_prog_ac_ct_RANLIB=ranlib
ac_cv_prog_cc_c89=
ac_cv_prog_cc_g=yes
ac_cv_prog_make_make_set=yes
am_cv_CC_dependencies_compiler_type=gcc3

## ----------------- ##
## Output variables. ##
## ----------------- ##

ACLOCAL='${SHELL} /usr/local/src/git/dbslayer/missing --run aclocal-1.10'
AMDEPBACKSLASH='\'
AMDEP_FALSE='#'
AMDEP_TRUE=''
AMTAR='${SHELL} /usr/local/src/git/dbslayer/missing --run tar'
APRCONFIG='/usr/bin/apr-1-config'
APR_CFLAGS='  -pthread -DLINUX=2 -D_REENTRANT -D_GNU_SOURCE'
APR_INCLUDES=' -I/usr/include/apr-1.0 '
APR_LIBS=' -L/usr/lib -lapr-1 '
APUCONFIG='/usr/bin/apu-1-config'
APU_INCLUDES=' -I/usr/include/apr-1.0 '
APU_LIBS=' -L/usr/lib -laprutil-1  -ldb    '
AUTOCONF='${SHELL} /usr/local/src/git/dbslayer/missing --run autoconf'
AUTOHEADER='${SHELL} /usr/local/src/git/dbslayer/missing --run autoheader'
AUTOMAKE='${SHELL} /usr/local/src/git/dbslayer/missing --run automake-1.10'
AWK='mawk'
CC='gcc'
CCDEPMODE='depmode=gcc3'
CFLAGS='-g -O2'
CPP='gcc -E'
CPPFLAGS=''
CYGPATH_W='echo'
DEFS='-DPACKAGE_NAME=\"dbslayer\" -DPACKAGE_TARNAME=\"dbslayer\" -DPACKAGE_VERSION=\"1.0\" -DPACKAGE_STRING=\"dbslayer\ 1.0\" -DPACKAGE_BUGREPORT=\"\" -DPACKAGE=\"dbslayer\" -DVERSION=\"1.0\" -DSTDC_HEADERS=1 -DHAVE_SYS_TYPES_H=1 -DHAVE_SYS_STAT_H=1 -DHAVE_STDLIB_H=1 -DHAVE_STRING_H=1 -DHAVE_MEMORY_H=1 -DHAVE_STRINGS_H=1 -DHAVE_INTTYPES_H=1 -DHAVE_STDINT_H=1 -DHAVE_UNISTD_H=1 -DHAVE_STDLIB_H=1 -DHAVE_STRING_H=1 -DHAVE_SYS_TIMEB_H=1 -DHAVE_UNISTD_H=1 -DHAVE_STDLIB_H=1 -DHAVE_MALLOC=1 -DHAVE_MEMSET=1 -DHAVE_STRCASECMP=1 -DHAVE_STRCHR=1 -DHAVE_STRDUP=1 -DHAVE_STRSTR=1 -DHAVE_STRTOL=1'
DEPDIR='.deps'
ECHO_C=''
ECHO_N='-n'
ECHO_T=''
EGREP='/bin/grep -E'
EXEEXT=''
GREP='/bin/grep'
INSTALL_DATA='${INSTALL} -m 644'
INSTALL_PROGRAM='${INSTALL}'
INSTALL_SCRIPT='${INSTALL}'
INSTALL_STRIP_PROGRAM='$(install_sh) -c -s'
LDFLAGS=''
LIBOBJS=''
LIBS=''
LTLIBOBJS=''
MAKEINFO='${SHELL} /usr/local/src/git/dbslayer/missing --run makeinfo'
MYSQLCONFIG='/usr/bin/mysql_config'
MYSQL_CFLAGS='-I/usr/include/mysql  -DBIG_JOINS=1  -fno-strict-aliasing   -DUNIV_LINUX -DUNIV_LINUX'
MYSQL_INCLUDES='-I/usr/include/mysql'
MYSQL_LIBS='-Wl,-Bsymbolic-functions -rdynamic -L/usr/lib/mysql -lmysqlclient_r'
OBJEXT='o'
PACKAGE='dbslayer'
PACKAGE_BUGREPORT=''
PACKAGE_NAME='dbslayer'
PACKAGE_STRING='dbslayer 1.0'
PACKAGE_TARNAME='dbslayer'
PACKAGE_VERSION='1.0'
PATH_SEPARATOR=':'
POW_LIB=''
RANLIB='ranlib'
SET_MAKE=''
SHELL='/bin/bash'
STRIP=''
VERSION='1.0'
ac_ct_CC='gcc'
am__fastdepCC_FALSE='#'
am__fastdepCC_TRUE=''
am__include='include'
am__isrc=''
am__leading_dot='.'
am__quote=''
am__tar='${AMTAR} chof - "$$tardir"'
am__untar='${AMTAR} xf -'
bindir='${exec_prefix}/bin'
build_alias=''
datadir='${datarootdir}'
datarootdir='${prefix}/share'
docdir='${datarootdir}/doc/${PACKAGE_TARNAME}'
dvidir='${docdir}'
exec_prefix='${prefix}'
host_alias=''
htmldir='${docdir}'
includedir='${prefix}/include'
infodir='${datarootdir}/info'
install_sh='$(SHELL) /usr/local/src/git/dbslayer/install-sh'
libdir='${exec_prefix}/lib'
libexecdir='${exec_prefix}/libexec'
localedir='${datarootdir}/locale'
localstatedir='${prefix}/var'
mandir='${datarootdir}/man'
mkdir_p='/bin/mkdir -p'
oldincludedir='/usr/include'
pdfdir='${docdir}'
prefix='/usr/local'
program_transform_name='s,x,x,'
psdir='${docdir}'
sbindir='${exec_prefix}/sbin'
sharedstatedir='${prefix}/com'
sysconfdir='${prefix}/etc'
target_alias=''

## ----------- ##
## confdefs.h. ##
## ----------- ##

#define PACKAGE_NAME "dbslayer"
#define PACKAGE_TARNAME "dbslayer"
#define PACKAGE_VERSION "1.0"
#define PACKAGE_STRING "dbslayer 1.0"
#define PACKAGE_BUGREPORT ""
#define PACKAGE "dbslayer"
#define VERSION "1.0"
#define STDC_HEADERS 1
#define HAVE_SYS_TYPES_H 1
#define HAVE_SYS_STAT_H 1
#define HAVE_STDLIB_H 1
#define HAVE_STRING_H 1
#define HAVE_MEMORY_H 1
#define HAVE_STRINGS_H 1
#define HAVE_INTTYPES_H 1
#define HAVE_STDINT_H 1
#define HAVE_UNISTD_H 1
#define HAVE_STDLIB_H 1
#define HAVE_STRING_H 1
#define HAVE_SYS_TIMEB_H 1
#define HAVE_UNISTD_H 1
#define HAVE_STDLIB_H 1
#define HAVE_MALLOC 1
#define HAVE_MEMSET 1
#define HAVE_STRCASECMP 1
#define HAVE_STRCHR 1
#define HAVE_STRDUP 1
#define HAVE_STRSTR 1
#define HAVE_STRTOL 1

configure: exit 0
